TN:
SF:src/features/terminal/TerminalPagingController.ts
FN:4,binaryStringToBytes
FN:12,inputStringToBytes
FN:33,(anonymous_2)
FN:37,(anonymous_3)
FN:41,(anonymous_4)
FN:48,(anonymous_5)
FN:56,(anonymous_6)
FN:64,(anonymous_7)
FN:71,(anonymous_8)
FNF:9
FNH:9
FNDA:3,binaryStringToBytes
FNDA:2,inputStringToBytes
FNDA:6,(anonymous_2)
FNDA:11,(anonymous_3)
FNDA:1,(anonymous_4)
FNDA:1,(anonymous_5)
FNDA:5,(anonymous_6)
FNDA:10,(anonymous_7)
FNDA:2,(anonymous_8)
DA:5,3
DA:6,3
DA:7,9
DA:9,3
DA:13,2
DA:14,2
DA:15,12
DA:16,1
DA:17,1
DA:20,2
DA:21,1
DA:23,1
DA:27,8
DA:28,8
DA:29,8
DA:30,8
DA:31,8
DA:34,6
DA:38,11
DA:42,1
DA:43,1
DA:44,1
DA:45,1
DA:49,1
DA:50,1
DA:51,1
DA:52,1
DA:53,1
DA:57,5
DA:58,5
DA:59,1
DA:61,5
DA:65,10
DA:66,10
DA:68,9
DA:69,3
DA:70,3
DA:71,3
DA:72,2
DA:73,2
DA:75,2
DA:76,2
DA:77,2
DA:78,2
DA:81,3
DA:85,6
DA:86,2
DA:87,2
DA:90,4
LF:49
LH:49
BRDA:15,0,0,1
BRDA:15,0,1,11
BRDA:20,1,0,1
BRDA:20,1,1,1
BRDA:58,2,0,1
BRDA:58,2,1,4
BRDA:58,3,0,5
BRDA:58,3,1,3
BRDA:61,4,0,2
BRDA:61,4,1,3
BRDA:66,5,0,1
BRDA:66,5,1,9
BRDA:68,6,0,3
BRDA:68,6,1,6
BRDA:85,7,0,2
BRDA:85,7,1,4
BRF:16
BRH:16
end_of_record
